<?xml version="1.0" encoding="UTF-8"?>
<!-- Generated by org.testng.reporters.JUnitReportReporter -->
<testsuite hostname="DESKTOP-UK5HVGF" failures="0" tests="6" name="com.example.NewTest" time="30.689" errors="0" timestamp="2022-03-20T16:45:00 IST" skipped="0">
  <testcase classname="com.example.NewTest" name="Login" time="25.405"/>
  <testcase classname="com.example.NewTest" name="Notifications" time="1.067"/>
  <testcase classname="com.example.NewTest" name="Quick_Access" time="1.068"/>
  <testcase classname="com.example.NewTest" name="My_Information" time="1.051"/>
  <testcase classname="com.example.NewTest" name="Leaves" time="1.049"/>
  <testcase classname="com.example.NewTest" name="Organizational_chart" time="1.049"/>
</testsuite> <!-- com.example.NewTest -->
